Arguments: 
  C:\Program Files\nodejs\node.exe C:\Users\Teewhy\AppData\Roaming\npm\node_modules\yarn\bin\yarn.js add create-react-app tescomdigitalization

PATH: 
  C:\WINDOWS\system32;C:\WINDOWS;C:\WINDOWS\System32\Wbem;C:\WINDOWS\System32\WindowsPowerShell\v1.0\;C:\Program Files\Microsoft VS Code\bin;C:\Program Files\nodejs\;C:\Program Files\Git\cmd;C:\WINDOWS\System32\OpenSSH\;C:\Program Files (x86)\HP\Common\HPDestPlgIn\;C:\Program Files (x86)\HP\IdrsOCR_15.2.10.1114\;C:\Program Files\Docker\Docker\resources\bin;C:\ProgramData\DockerDesktop\version-bin;C:\Users\Teewhy\AppData\Local\Microsoft\WindowsApps;C:\Users\Teewhy\AppData\Roaming\npm;C:\Program Files (x86)\HP\Common\HPDestPlgIn\;

Yarn version: 
  1.22.19

Node version: 
  14.17.3

Platform: 
  win32 x64

Trace: 
  Error: https://registry.yarnpkg.com/tescomdigitalization: Not found
      at Request.params.callback [as _callback] (C:\Users\Teewhy\AppData\Roaming\npm\node_modules\yarn\lib\cli.js:66145:18)
      at Request.self.callback (C:\Users\Teewhy\AppData\Roaming\npm\node_modules\yarn\lib\cli.js:140890:22)
      at Request.emit (events.js:375:28)
      at Request.<anonymous> (C:\Users\Teewhy\AppData\Roaming\npm\node_modules\yarn\lib\cli.js:141862:10)
      at Request.emit (events.js:375:28)
      at IncomingMessage.<anonymous> (C:\Users\Teewhy\AppData\Roaming\npm\node_modules\yarn\lib\cli.js:141784:12)
      at Object.onceWrapper (events.js:481:28)
      at IncomingMessage.emit (events.js:387:35)
      at endReadableNT (internal/streams/readable.js:1317:12)
      at processTicksAndRejections (internal/process/task_queues.js:82:21)

npm manifest: 
  No manifest

yarn manifest: 
  No manifest

Lockfile: 
  No lockfile
